0    [main] INFO  Lisek573.git.Account  - New character added.
2    [main] INFO  Lisek573.git.Account  - New character added.
4    [main] INFO  Lisek573.git.Account  - New character added.
0    [main] INFO  Lisek573.git.Account  - New character added.
2    [main] INFO  Lisek573.git.Account  - New character added.
3    [main] INFO  Lisek573.git.Account  - New character added.
0    [main] INFO  Lisek573.git.Account  - New character added.
1    [main] INFO  Lisek573.git.Account  - New character added.
3    [main] INFO  Lisek573.git.Account  - New character added.
0    [main] INFO  Lisek573.git.Account  - New character added.
1    [main] INFO  Lisek573.git.Account  - New character added.
3    [main] INFO  Lisek573.git.Account  - New character added.
0    [main] INFO  Lisek573.git.Account  - New character added.
1    [main] INFO  Lisek573.git.Account  - New character added.
3    [main] INFO  Lisek573.git.Account  - New character added.
0    [main] INFO  Lisek573.git.Account  - New character added.
2    [main] INFO  Lisek573.git.Account  - New character added.
3    [main] INFO  Lisek573.git.Account  - New character added.
0    [main] INFO  Lisek573.git.Account  - New character added.
1    [main] INFO  Lisek573.git.Account  - New character added.
3    [main] INFO  Lisek573.git.Account  - New character added.
0    [main] INFO  Lisek573.git.Account  - New character added.
1    [main] INFO  Lisek573.git.Account  - New character added.
3    [main] INFO  Lisek573.git.Account  - New character added.
0    [main] INFO  Lisek573.git.Account  - New character added.
1    [main] INFO  Lisek573.git.Account  - New character added.
3    [main] INFO  Lisek573.git.Account  - New character added.
0    [main] INFO  Lisek573.git.Account  - New character added.
1    [main] INFO  Lisek573.git.Account  - New character added.
3    [main] INFO  Lisek573.git.Account  - New character added.
0    [main] INFO  Lisek573.git.Account  - New character added.
2    [main] INFO  Lisek573.git.Account  - New character added.
3    [main] INFO  Lisek573.git.Account  - New character added.
0    [main] INFO  Lisek573.git.Account  - New character added.
2    [main] INFO  Lisek573.git.Account  - New character added.
4    [main] INFO  Lisek573.git.Account  - New character added.
0    [main] INFO  Lisek573.git.Account  - New character added.
2    [main] INFO  Lisek573.git.Account  - New character added.
4    [main] INFO  Lisek573.git.Account  - New character added.
0    [main] INFO  Lisek573.git.Account  - New character added.
2    [main] INFO  Lisek573.git.Account  - New character added.
3    [main] INFO  Lisek573.git.Account  - New character added.
4    [main] INFO  Lisek573.git.Account  - New character added.
0    [main] INFO  Lisek573.git.Account  - New character added.
2    [main] INFO  Lisek573.git.Account  - New character added.
4    [main] INFO  Lisek573.git.Account  - New character added.
4    [main] INFO  Lisek573.git.Account  - Level edit failed.
0    [main] INFO  Lisek573.git.Account  - New character added.
2    [main] INFO  Lisek573.git.Account  - New character added.
3    [main] INFO  Lisek573.git.Account  - New character added.
3    [main] INFO  Lisek573.git.Account  - Level edit failed.
0    [main] INFO  Lisek573.git.Account  - Cannot add character with level below 0.
0    [main] INFO  Lisek573.git.Account  - New character added.
0    [main] INFO  Lisek573.git.Account  - New character added.
5    [main] INFO  Lisek573.git.Account  - New character added.
12   [main] INFO  Lisek573.git.Account  - New character added.
0    [main] INFO  Lisek573.git.Account  - New character added.
1    [main] INFO  Lisek573.git.Account  - List cleared.
5    [main] INFO  Lisek573.git.Account  - Character deleted.
0    [main] INFO  Lisek573.git.Account  - New character added.
2    [main] INFO  Lisek573.git.Account  - List cleared.
5    [main] INFO  Lisek573.git.Account  - Character deleted.
0    [main] INFO  Lisek573.git.Account  - New character added.
4    [main] INFO  Lisek573.git.Account  - New character added.
9    [main] INFO  Lisek573.git.Account  - New character added.
0    [main] INFO  Lisek573.git.Account  - New character added.
1    [main] INFO  Lisek573.git.Account  - List cleared.
5    [main] INFO  Lisek573.git.Account  - Character deleted.
0    [main] INFO  Lisek573.git.Account  - New character added.
2    [main] INFO  Lisek573.git.Account  - List cleared.
5    [main] INFO  Lisek573.git.Account  - Character deleted.
0    [main] INFO  Lisek573.git.Account  - New character added.
4    [main] INFO  Lisek573.git.Account  - New character added.
10   [main] INFO  Lisek573.git.Account  - New character added.
0    [main] INFO  Lisek573.git.Account  - New character added.
3    [main] INFO  Lisek573.git.Account  - New character added.
8    [main] INFO  Lisek573.git.Account  - New character added.
0    [main] INFO  Lisek573.git.Account  - New character added.
1    [main] INFO  Lisek573.git.Account  - List cleared.
6    [main] INFO  Lisek573.git.Account  - Character deleted.
0    [main] INFO  Lisek573.git.Account  - New character added.
2    [main] INFO  Lisek573.git.Account  - List cleared.
6    [main] INFO  Lisek573.git.Account  - Character deleted.
0    [main] INFO  Lisek573.git.Account  - New character added.
1    [main] INFO  Lisek573.git.Account  - List cleared.
5    [main] INFO  Lisek573.git.Account  - Character deleted.
0    [main] INFO  Lisek573.git.Account  - New character added.
3    [main] INFO  Lisek573.git.Account  - List cleared.
0    [main] INFO  Lisek573.git.Account  - New character added.
1    [main] INFO  Lisek573.git.Account  - List cleared.
4    [main] INFO  Lisek573.git.Account  - Character deleted.
0    [main] INFO  Lisek573.git.Account  - New character added.
2    [main] INFO  Lisek573.git.Account  - List cleared.
4    [main] INFO  Lisek573.git.Account  - Level edit failed.
5    [main] INFO  Lisek573.git.Account  - Character deleted.
0    [main] INFO  Lisek573.git.Account  - New character added.
1    [main] INFO  Lisek573.git.Account  - List cleared.
4    [main] INFO  Lisek573.git.Account  - Character deleted.
0    [main] INFO  Lisek573.git.Account  - New character added.
15   [main] INFO  Lisek573.git.Account  - New character added.
15   [main] INFO  Lisek573.git.Account  - New character added.
0    [main] INFO  Lisek573.git.Account  - New character added.
16   [main] INFO  Lisek573.git.Account  - New character added.
16   [main] INFO  Lisek573.git.Account  - New character added.
0    [main] INFO  Lisek573.git.Account  - New character added.
0    [main] INFO  Lisek573.git.Account  - List cleared.
16   [main] INFO  Lisek573.git.Account  - New character added.
16   [main] INFO  Lisek573.git.Account  - List cleared.
16   [main] INFO  Lisek573.git.Account  - New character added.
16   [main] INFO  Lisek573.git.Account  - List cleared.
16   [main] INFO  Lisek573.git.Account  - New character added.
16   [main] INFO  Lisek573.git.Account  - List cleared.
32   [main] INFO  Lisek573.git.Account  - New character added.
32   [main] INFO  Lisek573.git.Account  - List cleared.
32   [main] INFO  Lisek573.git.Account  - New character added.
32   [main] INFO  Lisek573.git.Account  - List cleared.
32   [main] INFO  Lisek573.git.Account  - New character added.
32   [main] INFO  Lisek573.git.Account  - List cleared.
47   [main] INFO  Lisek573.git.Account  - New character added.
47   [main] INFO  Lisek573.git.Account  - List cleared.
47   [main] INFO  Lisek573.git.Account  - New character added.
47   [main] INFO  Lisek573.git.Account  - List cleared.
47   [main] INFO  Lisek573.git.Account  - New character added.
47   [main] INFO  Lisek573.git.Account  - List cleared.
47   [main] INFO  Lisek573.git.Account  - New character added.
47   [main] INFO  Lisek573.git.Account  - List cleared.
63   [main] INFO  Lisek573.git.Account  - New character added.
63   [main] INFO  Lisek573.git.Account  - List cleared.
63   [main] INFO  Lisek573.git.Account  - New character added.
63   [main] INFO  Lisek573.git.Account  - List cleared.
63   [main] INFO  Lisek573.git.Account  - New character added.
63   [main] INFO  Lisek573.git.Account  - List cleared.
63   [main] INFO  Lisek573.git.Account  - New character added.
63   [main] INFO  Lisek573.git.Account  - List cleared.
63   [main] INFO  Lisek573.git.Account  - New character added.
63   [main] INFO  Lisek573.git.Account  - List cleared.
79   [main] INFO  Lisek573.git.Account  - New character added.
79   [main] INFO  Lisek573.git.Account  - List cleared.
79   [main] INFO  Lisek573.git.Account  - New character added.
79   [main] INFO  Lisek573.git.Account  - List cleared.
79   [main] INFO  Lisek573.git.Account  - New character added.
79   [main] INFO  Lisek573.git.Account  - List cleared.
79   [main] INFO  Lisek573.git.Account  - New character added.
79   [main] INFO  Lisek573.git.Account  - List cleared.
79   [main] INFO  Lisek573.git.Account  - New character added.
79   [main] INFO  Lisek573.git.Account  - List cleared.
94   [main] INFO  Lisek573.git.Account  - New character added.
94   [main] INFO  Lisek573.git.Account  - List cleared.
0    [main] INFO  Lisek573.git.Account  - New character added.
0    [main] INFO  Lisek573.git.Account  - List cleared.
16   [main] INFO  Lisek573.git.Account  - New character added.
16   [main] INFO  Lisek573.git.Account  - List cleared.
16   [main] INFO  Lisek573.git.Account  - New character added.
16   [main] INFO  Lisek573.git.Account  - List cleared.
16   [main] INFO  Lisek573.git.Account  - New character added.
16   [main] INFO  Lisek573.git.Account  - List cleared.
32   [main] INFO  Lisek573.git.Account  - New character added.
32   [main] INFO  Lisek573.git.Account  - List cleared.
32   [main] INFO  Lisek573.git.Account  - New character added.
32   [main] INFO  Lisek573.git.Account  - List cleared.
32   [main] INFO  Lisek573.git.Account  - New character added.
32   [main] INFO  Lisek573.git.Account  - List cleared.
32   [main] INFO  Lisek573.git.Account  - New character added.
32   [main] INFO  Lisek573.git.Account  - List cleared.
47   [main] INFO  Lisek573.git.Account  - New character added.
47   [main] INFO  Lisek573.git.Account  - List cleared.
47   [main] INFO  Lisek573.git.Account  - New character added.
47   [main] INFO  Lisek573.git.Account  - List cleared.
47   [main] INFO  Lisek573.git.Account  - New character added.
47   [main] INFO  Lisek573.git.Account  - List cleared.
47   [main] INFO  Lisek573.git.Account  - New character added.
47   [main] INFO  Lisek573.git.Account  - List cleared.
47   [main] INFO  Lisek573.git.Account  - New character added.
47   [main] INFO  Lisek573.git.Account  - List cleared.
63   [main] INFO  Lisek573.git.Account  - New character added.
63   [main] INFO  Lisek573.git.Account  - List cleared.
63   [main] INFO  Lisek573.git.Account  - New character added.
63   [main] INFO  Lisek573.git.Account  - List cleared.
63   [main] INFO  Lisek573.git.Account  - New character added.
63   [main] INFO  Lisek573.git.Account  - List cleared.
79   [main] INFO  Lisek573.git.Account  - New character added.
79   [main] INFO  Lisek573.git.Account  - List cleared.
79   [main] INFO  Lisek573.git.Account  - New character added.
79   [main] INFO  Lisek573.git.Account  - List cleared.
79   [main] INFO  Lisek573.git.Account  - New character added.
79   [main] INFO  Lisek573.git.Account  - List cleared.
79   [main] INFO  Lisek573.git.Account  - New character added.
79   [main] INFO  Lisek573.git.Account  - List cleared.
94   [main] INFO  Lisek573.git.Account  - New character added.
94   [main] INFO  Lisek573.git.Account  - List cleared.
94   [main] INFO  Lisek573.git.Account  - New character added.
94   [main] INFO  Lisek573.git.Account  - List cleared.
0    [main] INFO  Lisek573.git.Account  - New character added.
0    [main] INFO  Lisek573.git.Account  - List cleared.
0    [main] INFO  Lisek573.git.Account  - New character added.
0    [main] INFO  Lisek573.git.Account  - List cleared.
0    [main] INFO  Lisek573.git.Account  - List cleared.
0    [main] INFO  Lisek573.git.Account  - New character added.
0    [main] INFO  Lisek573.git.Account  - List cleared.
15   [main] INFO  Lisek573.git.Account  - New character added.
15   [main] INFO  Lisek573.git.Account  - List cleared.
15   [main] INFO  Lisek573.git.Account  - New character added.
15   [main] INFO  Lisek573.git.Account  - List cleared.
15   [main] INFO  Lisek573.git.Account  - New character added.
15   [main] INFO  Lisek573.git.Account  - List cleared.
15   [main] INFO  Lisek573.git.Account  - New character added.
15   [main] INFO  Lisek573.git.Account  - List cleared.
31   [main] INFO  Lisek573.git.Account  - New character added.
31   [main] INFO  Lisek573.git.Account  - List cleared.
31   [main] INFO  Lisek573.git.Account  - New character added.
31   [main] INFO  Lisek573.git.Account  - List cleared.
31   [main] INFO  Lisek573.git.Account  - New character added.
31   [main] INFO  Lisek573.git.Account  - List cleared.
31   [main] INFO  Lisek573.git.Account  - New character added.
47   [main] INFO  Lisek573.git.Account  - List cleared.
47   [main] INFO  Lisek573.git.Account  - New character added.
47   [main] INFO  Lisek573.git.Account  - List cleared.
47   [main] INFO  Lisek573.git.Account  - New character added.
47   [main] INFO  Lisek573.git.Account  - List cleared.
47   [main] INFO  Lisek573.git.Account  - New character added.
47   [main] INFO  Lisek573.git.Account  - List cleared.
47   [main] INFO  Lisek573.git.Account  - New character added.
47   [main] INFO  Lisek573.git.Account  - List cleared.
62   [main] INFO  Lisek573.git.Account  - New character added.
62   [main] INFO  Lisek573.git.Account  - List cleared.
62   [main] INFO  Lisek573.git.Account  - New character added.
62   [main] INFO  Lisek573.git.Account  - List cleared.
62   [main] INFO  Lisek573.git.Account  - New character added.
62   [main] INFO  Lisek573.git.Account  - List cleared.
62   [main] INFO  Lisek573.git.Account  - New character added.
62   [main] INFO  Lisek573.git.Account  - List cleared.
62   [main] INFO  Lisek573.git.Account  - New character added.
62   [main] INFO  Lisek573.git.Account  - List cleared.
78   [main] INFO  Lisek573.git.Account  - New character added.
78   [main] INFO  Lisek573.git.Account  - List cleared.
78   [main] INFO  Lisek573.git.Account  - New character added.
78   [main] INFO  Lisek573.git.Account  - List cleared.
0    [main] INFO  Lisek573.git.Account  - New character added.
16   [main] INFO  Lisek573.git.Account  - Character deleted.
16   [main] INFO  Lisek573.git.Account  - List cleared.
0    [main] INFO  Lisek573.git.Account  - New character added.
0    [main] INFO  Lisek573.git.Account  - List cleared.
15   [main] INFO  Lisek573.git.Account  - New character added.
15   [main] INFO  Lisek573.git.Account  - List cleared.
15   [main] INFO  Lisek573.git.Account  - New character added.
15   [main] INFO  Lisek573.git.Account  - List cleared.
15   [main] INFO  Lisek573.git.Account  - List cleared.
31   [main] INFO  Lisek573.git.Account  - New character added.
31   [main] INFO  Lisek573.git.Account  - List cleared.
31   [main] INFO  Lisek573.git.Account  - New character added.
31   [main] INFO  Lisek573.git.Account  - List cleared.
47   [main] INFO  Lisek573.git.Account  - New character added.
47   [main] INFO  Lisek573.git.Account  - List cleared.
47   [main] INFO  Lisek573.git.Account  - New character added.
47   [main] INFO  Lisek573.git.Account  - List cleared.
62   [main] INFO  Lisek573.git.Account  - New character added.
62   [main] INFO  Lisek573.git.Account  - List cleared.
62   [main] INFO  Lisek573.git.Account  - New character added.
62   [main] INFO  Lisek573.git.Account  - List cleared.
78   [main] INFO  Lisek573.git.Account  - New character added.
78   [main] INFO  Lisek573.git.Account  - List cleared.
78   [main] INFO  Lisek573.git.Account  - New character added.
78   [main] INFO  Lisek573.git.Account  - List cleared.
78   [main] INFO  Lisek573.git.Account  - New character added.
78   [main] INFO  Lisek573.git.Account  - List cleared.
94   [main] INFO  Lisek573.git.Account  - New character added.
94   [main] INFO  Lisek573.git.Account  - List cleared.
94   [main] INFO  Lisek573.git.Account  - New character added.
94   [main] INFO  Lisek573.git.Account  - List cleared.
109  [main] INFO  Lisek573.git.Account  - New character added.
109  [main] INFO  Lisek573.git.Account  - List cleared.
109  [main] INFO  Lisek573.git.Account  - New character added.
109  [main] INFO  Lisek573.git.Account  - List cleared.
109  [main] INFO  Lisek573.git.Account  - New character added.
109  [main] INFO  Lisek573.git.Account  - List cleared.
125  [main] INFO  Lisek573.git.Account  - New character added.
125  [main] INFO  Lisek573.git.Account  - Character deleted.
125  [main] INFO  Lisek573.git.Account  - List cleared.
125  [main] INFO  Lisek573.git.Account  - New character added.
125  [main] INFO  Lisek573.git.Account  - List cleared.
125  [main] INFO  Lisek573.git.Account  - New character added.
125  [main] INFO  Lisek573.git.Account  - List cleared.
125  [main] INFO  Lisek573.git.Account  - New character added.
125  [main] INFO  Lisek573.git.Account  - List cleared.
125  [main] INFO  Lisek573.git.Account  - New character added.
140  [main] INFO  Lisek573.git.Account  - List cleared.
0    [main] INFO  Lisek573.git.Account  - New character added.
0    [main] INFO  Lisek573.git.Account  - List cleared.
16   [main] INFO  Lisek573.git.Account  - New character added.
16   [main] INFO  Lisek573.git.Account  - List cleared.
16   [main] INFO  Lisek573.git.Account  - New character added.
16   [main] INFO  Lisek573.git.Account  - List cleared.
16   [main] INFO  Lisek573.git.Account  - List cleared.
16   [main] INFO  Lisek573.git.Account  - New character added.
16   [main] INFO  Lisek573.git.Account  - List cleared.
16   [main] INFO  Lisek573.git.Account  - New character added.
16   [main] INFO  Lisek573.git.Account  - List cleared.
16   [main] INFO  Lisek573.git.Account  - New character added.
16   [main] INFO  Lisek573.git.Account  - List cleared.
16   [main] INFO  Lisek573.git.Account  - New character added.
16   [main] INFO  Lisek573.git.Account  - List cleared.
31   [main] INFO  Lisek573.git.Account  - New character added.
31   [main] INFO  Lisek573.git.Account  - List cleared.
31   [main] INFO  Lisek573.git.Account  - New character added.
31   [main] INFO  Lisek573.git.Account  - List cleared.
31   [main] INFO  Lisek573.git.Account  - New character added.
31   [main] INFO  Lisek573.git.Account  - List cleared.
31   [main] INFO  Lisek573.git.Account  - New character added.
31   [main] INFO  Lisek573.git.Account  - List cleared.
31   [main] INFO  Lisek573.git.Account  - New character added.
31   [main] INFO  Lisek573.git.Account  - List cleared.
31   [main] INFO  Lisek573.git.Account  - New character added.
31   [main] INFO  Lisek573.git.Account  - List cleared.
31   [main] INFO  Lisek573.git.Account  - New character added.
31   [main] INFO  Lisek573.git.Account  - List cleared.
47   [main] INFO  Lisek573.git.Account  - New character added.
47   [main] INFO  Lisek573.git.Account  - List cleared.
47   [main] INFO  Lisek573.git.Account  - New character added.
47   [main] INFO  Lisek573.git.Account  - List cleared.
47   [main] INFO  Lisek573.git.Account  - New character added.
47   [main] INFO  Lisek573.git.Account  - Character deleted.
47   [main] INFO  Lisek573.git.Account  - List cleared.
47   [main] INFO  Lisek573.git.Account  - New character added.
47   [main] INFO  Lisek573.git.Account  - List cleared.
47   [main] INFO  Lisek573.git.Account  - New character added.
47   [main] INFO  Lisek573.git.Account  - List cleared.
0    [main] INFO  Lisek573.git.Account  - New character added.
0    [main] INFO  Lisek573.git.Account  - List cleared.
15   [main] INFO  Lisek573.git.Account  - New character added.
15   [main] INFO  Lisek573.git.Account  - List cleared.
15   [main] INFO  Lisek573.git.Account  - New character added.
15   [main] INFO  Lisek573.git.Account  - List cleared.
15   [main] INFO  Lisek573.git.Account  - New character added.
15   [main] INFO  Lisek573.git.Account  - List cleared.
15   [main] INFO  Lisek573.git.Account  - New character added.
15   [main] INFO  Lisek573.git.Account  - List cleared.
15   [main] INFO  Lisek573.git.Account  - New character added.
15   [main] INFO  Lisek573.git.Account  - Character deleted.
15   [main] INFO  Lisek573.git.Account  - List cleared.
31   [main] INFO  Lisek573.git.Account  - New character added.
31   [main] INFO  Lisek573.git.Account  - List cleared.
31   [main] INFO  Lisek573.git.Account  - New character added.
31   [main] INFO  Lisek573.git.Account  - List cleared.
31   [main] INFO  Lisek573.git.Account  - New character added.
31   [main] INFO  Lisek573.git.Account  - List cleared.
31   [main] INFO  Lisek573.git.Account  - New character added.
31   [main] INFO  Lisek573.git.Account  - List cleared.
31   [main] INFO  Lisek573.git.Account  - New character added.
31   [main] INFO  Lisek573.git.Account  - List cleared.
31   [main] INFO  Lisek573.git.Account  - List cleared.
31   [main] INFO  Lisek573.git.Account  - New character added.
31   [main] INFO  Lisek573.git.Account  - List cleared.
47   [main] INFO  Lisek573.git.Account  - New character added.
47   [main] INFO  Lisek573.git.Account  - List cleared.
47   [main] INFO  Lisek573.git.Account  - New character added.
47   [main] INFO  Lisek573.git.Account  - List cleared.
47   [main] INFO  Lisek573.git.Account  - New character added.
47   [main] INFO  Lisek573.git.Account  - List cleared.
47   [main] INFO  Lisek573.git.Account  - New character added.
47   [main] INFO  Lisek573.git.Account  - List cleared.
47   [main] INFO  Lisek573.git.Account  - New character added.
47   [main] INFO  Lisek573.git.Account  - List cleared.
47   [main] INFO  Lisek573.git.Account  - New character added.
47   [main] INFO  Lisek573.git.Account  - List cleared.
47   [main] INFO  Lisek573.git.Account  - New character added.
47   [main] INFO  Lisek573.git.Account  - List cleared.
0    [main] INFO  Lisek573.git.Account  - New character added.
0    [main] INFO  Lisek573.git.Account  - List cleared.
0    [main] INFO  Lisek573.git.Account  - New character added.
0    [main] INFO  Lisek573.git.Account  - List cleared.
0    [main] INFO  Lisek573.git.Account  - New character added.
16   [main] INFO  Lisek573.git.Account  - List cleared.
16   [main] INFO  Lisek573.git.Account  - New character added.
16   [main] INFO  Lisek573.git.Account  - List cleared.
16   [main] INFO  Lisek573.git.Account  - New character added.
16   [main] INFO  Lisek573.git.Account  - Character deleted.
16   [main] INFO  Lisek573.git.Account  - List cleared.
16   [main] INFO  Lisek573.git.Account  - New character added.
16   [main] INFO  Lisek573.git.Account  - List cleared.
16   [main] INFO  Lisek573.git.Account  - New character added.
16   [main] INFO  Lisek573.git.Account  - List cleared.
31   [main] INFO  Lisek573.git.Account  - New character added.
31   [main] INFO  Lisek573.git.Account  - List cleared.
31   [main] INFO  Lisek573.git.Account  - New character added.
31   [main] INFO  Lisek573.git.Account  - List cleared.
31   [main] INFO  Lisek573.git.Account  - New character added.
31   [main] INFO  Lisek573.git.Account  - List cleared.
31   [main] INFO  Lisek573.git.Account  - List cleared.
31   [main] INFO  Lisek573.git.Account  - New character added.
31   [main] INFO  Lisek573.git.Account  - List cleared.
31   [main] INFO  Lisek573.git.Account  - New character added.
47   [main] INFO  Lisek573.git.Account  - List cleared.
47   [main] INFO  Lisek573.git.Account  - New character added.
47   [main] INFO  Lisek573.git.Account  - List cleared.
47   [main] INFO  Lisek573.git.Account  - New character added.
47   [main] INFO  Lisek573.git.Account  - List cleared.
47   [main] INFO  Lisek573.git.Account  - New character added.
47   [main] INFO  Lisek573.git.Account  - List cleared.
47   [main] INFO  Lisek573.git.Account  - New character added.
47   [main] INFO  Lisek573.git.Account  - List cleared.
47   [main] INFO  Lisek573.git.Account  - New character added.
47   [main] INFO  Lisek573.git.Account  - List cleared.
47   [main] INFO  Lisek573.git.Account  - New character added.
47   [main] INFO  Lisek573.git.Account  - List cleared.
63   [main] INFO  Lisek573.git.Account  - New character added.
63   [main] INFO  Lisek573.git.Account  - List cleared.
